<?xml version="1.0" encoding="UTF-8"?>
<!-- Generated by org.testng.reporters.JUnitXMLReporter -->
<testsuite ignored="0" hostname="srivastav" failures="0" tests="10" name="Surefire test" time="29.106" errors="0" timestamp="2023-12-11T11:21:51 IST">
  <testcase classname="api.test.DDTests" name="testPostUser" time="7.106"/>
  <testcase classname="api.test.DDTests" name="testPostUser" time="1.695"/>
  <testcase classname="api.test.DDTests" name="testPostUser" time="1.324"/>
  <testcase classname="api.test.DDTests" name="testDeleteUserByName" time="1.584"/>
  <testcase classname="api.test.DDTests" name="testDeleteUserByName" time="1.432"/>
  <testcase classname="api.test.DDTests" name="testDeleteUserByName" time="1.531"/>
  <testcase classname="api.test.UserTests" name="testPostUser" time="1.974"/>
  <testcase classname="api.test.UserTests" name="testGetUserByName" time="1.481"/>
  <testcase classname="api.test.UserTests" name="testUpdateUserByName" time="2.964"/>
  <testcase classname="api.test.UserTests" name="testDeleteUserByName" time="1.433"/>
</testsuite> <!-- Surefire test -->
