<?xml version="1.0" encoding="UTF-8"?>
<!-- Generated by org.testng.reporters.JUnitXMLReporter -->
<testsuite ignored="0" hostname="srivastav" failures="0" tests="6" name="Default test" time="9.474" errors="0" timestamp="2023-12-08T13:43:32 IST">
  <testcase classname="api.test.DDTests" name="testPostUser" time="2.666"/>
  <testcase classname="api.test.DDTests" name="testPostUser" time="1.182"/>
  <testcase classname="api.test.DDTests" name="testPostUser" time="1.112"/>
  <testcase classname="api.test.DDTests" name="testDeleteUserByName" time="1.137"/>
  <testcase classname="api.test.DDTests" name="testDeleteUserByName" time="1.144"/>
  <testcase classname="api.test.DDTests" name="testDeleteUserByName" time="1.133"/>
</testsuite> <!-- Default test -->
