<?xml version="1.0" encoding="UTF-8"?>
<!-- Generated by org.testng.reporters.JUnitXMLReporter -->
<testsuite ignored="0" hostname="srivastav" failures="0" tests="4" name="PetTests" time="17.919" errors="0" timestamp="2023-12-11T10:53:31 IST">
  <testcase classname="api.test.UserTests2" name="testPostUser" time="7.583"/>
  <testcase classname="api.test.UserTests2" name="testGetUserByName" time="1.616"/>
  <testcase classname="api.test.UserTests2" name="testUpdateUserByName" time="2.961"/>
  <testcase classname="api.test.UserTests2" name="testDeleteUserByName" time="1.432"/>
</testsuite> <!-- PetTests -->
